2022.02.17 14:48:11.536 [restartedMain] [INFO] c.s.p.c.MainController - Starting MainController using Java 11.0.11 on pseongsoo.local with PID 18252 (/Users/seongsoo/Workspace/personal/project-lab/module2/build/classes/java/main started by seongsoo in /Users/seongsoo/Workspace/personal/project-lab/module2)
 2022.02.17 14:48:11.541 [restartedMain] [INFO] c.s.p.c.MainController - No active profile set, falling back to default profiles: default
 2022.02.17 14:48:11.571 [restartedMain] [INFO] o.s.b.d.e.DevToolsPropertyDefaultsPostProcessor - Devtools property defaults active! Set 'spring.devtools.add-properties' to 'false' to disable
 2022.02.17 14:48:11.572 [restartedMain] [INFO] o.s.b.d.e.DevToolsPropertyDefaultsPostProcessor - For additional web related logging consider setting the 'logging.level.web' property to 'DEBUG'
 2022.02.17 14:48:12.038 [restartedMain] [INFO] o.s.d.r.c.RepositoryConfigurationDelegate - Bootstrapping Spring Data JPA repositories in DEFAULT mode.
 2022.02.17 14:48:12.048 [restartedMain] [INFO] o.s.d.r.c.RepositoryConfigurationDelegate - Finished Spring Data repository scanning in 3 ms. Found 0 JPA repository interfaces.
 2022.02.17 14:48:12.459 [restartedMain] [INFO] o.s.b.w.e.t.TomcatWebServer - Tomcat initialized with port(s): 8080 (http)
 2022.02.17 14:48:12.467 [restartedMain] [INFO] o.a.c.h.Http11NioProtocol - Initializing ProtocolHandler ["http-nio-8080"]
 2022.02.17 14:48:12.468 [restartedMain] [INFO] o.a.c.c.StandardService - Starting service [Tomcat]
 2022.02.17 14:48:12.468 [restartedMain] [INFO] o.a.c.c.StandardEngine - Starting Servlet engine: [Apache Tomcat/9.0.55]
 2022.02.17 14:48:12.571 [restartedMain] [INFO] o.a.c.c.C.[.[.[/] - Initializing Spring embedded WebApplicationContext
 2022.02.17 14:48:12.571 [restartedMain] [INFO] o.s.b.w.s.c.ServletWebServerApplicationContext - Root WebApplicationContext: initialization completed in 999 ms
 2022.02.17 14:48:12.630 [restartedMain] [INFO] o.a.c.c.StandardService - Stopping service [Tomcat]
 2022.02.17 14:48:12.643 [restartedMain] [INFO] o.s.b.a.l.ConditionEvaluationReportLoggingListener - 

Error starting ApplicationContext. To display the conditions report re-run your application with 'debug' enabled.
 2022.02.17 14:51:03.450 [restartedMain] [INFO] c.s.p.c.MainController - Starting MainController using Java 11.0.11 on pseongsoo.local with PID 18296 (/Users/seongsoo/Workspace/personal/project-lab/module2/build/classes/java/main started by seongsoo in /Users/seongsoo/Workspace/personal/project-lab/module2)
 2022.02.17 14:51:03.457 [restartedMain] [INFO] c.s.p.c.MainController - No active profile set, falling back to default profiles: default
 2022.02.17 14:51:03.492 [restartedMain] [INFO] o.s.b.d.e.DevToolsPropertyDefaultsPostProcessor - Devtools property defaults active! Set 'spring.devtools.add-properties' to 'false' to disable
 2022.02.17 14:51:03.492 [restartedMain] [INFO] o.s.b.d.e.DevToolsPropertyDefaultsPostProcessor - For additional web related logging consider setting the 'logging.level.web' property to 'DEBUG'
 2022.02.17 14:51:04.231 [restartedMain] [INFO] o.s.d.r.c.RepositoryConfigurationDelegate - Bootstrapping Spring Data JPA repositories in DEFAULT mode.
 2022.02.17 14:51:04.245 [restartedMain] [INFO] o.s.d.r.c.RepositoryConfigurationDelegate - Finished Spring Data repository scanning in 4 ms. Found 0 JPA repository interfaces.
 2022.02.17 14:51:04.955 [restartedMain] [INFO] o.s.b.w.e.t.TomcatWebServer - Tomcat initialized with port(s): 8080 (http)
 2022.02.17 14:51:04.966 [restartedMain] [INFO] o.a.c.h.Http11NioProtocol - Initializing ProtocolHandler ["http-nio-8080"]
 2022.02.17 14:51:04.967 [restartedMain] [INFO] o.a.c.c.StandardService - Starting service [Tomcat]
 2022.02.17 14:51:04.968 [restartedMain] [INFO] o.a.c.c.StandardEngine - Starting Servlet engine: [Apache Tomcat/9.0.55]
 2022.02.17 14:51:05.111 [restartedMain] [INFO] o.a.c.c.C.[.[.[/] - Initializing Spring embedded WebApplicationContext
 2022.02.17 14:51:05.111 [restartedMain] [INFO] o.s.b.w.s.c.ServletWebServerApplicationContext - Root WebApplicationContext: initialization completed in 1618 ms
 2022.02.17 14:51:05.207 [restartedMain] [INFO] o.a.c.c.StandardService - Stopping service [Tomcat]
 2022.02.17 14:51:05.230 [restartedMain] [INFO] o.s.b.a.l.ConditionEvaluationReportLoggingListener - 

Error starting ApplicationContext. To display the conditions report re-run your application with 'debug' enabled.
 2022.02.17 15:06:34.027 [restartedMain] [INFO] c.s.p.c.MainController - Starting MainController using Java 11.0.11 on pseongsoo.local with PID 18499 (/Users/seongsoo/Workspace/personal/project-lab/module2/build/classes/java/main started by seongsoo in /Users/seongsoo/Workspace/personal/project-lab/module2)
 2022.02.17 15:06:34.033 [restartedMain] [INFO] c.s.p.c.MainController - No active profile set, falling back to default profiles: default
 2022.02.17 15:06:34.073 [restartedMain] [INFO] o.s.b.d.e.DevToolsPropertyDefaultsPostProcessor - Devtools property defaults active! Set 'spring.devtools.add-properties' to 'false' to disable
 2022.02.17 15:06:34.074 [restartedMain] [INFO] o.s.b.d.e.DevToolsPropertyDefaultsPostProcessor - For additional web related logging consider setting the 'logging.level.web' property to 'DEBUG'
 2022.02.17 15:06:34.682 [restartedMain] [INFO] o.s.d.r.c.RepositoryConfigurationDelegate - Bootstrapping Spring Data JPA repositories in DEFAULT mode.
 2022.02.17 15:06:34.695 [restartedMain] [INFO] o.s.d.r.c.RepositoryConfigurationDelegate - Finished Spring Data repository scanning in 5 ms. Found 0 JPA repository interfaces.
 2022.02.17 15:06:35.227 [restartedMain] [INFO] o.s.b.w.e.t.TomcatWebServer - Tomcat initialized with port(s): 8080 (http)
 2022.02.17 15:06:35.237 [restartedMain] [INFO] o.a.c.h.Http11NioProtocol - Initializing ProtocolHandler ["http-nio-8080"]
 2022.02.17 15:06:35.238 [restartedMain] [INFO] o.a.c.c.StandardService - Starting service [Tomcat]
 2022.02.17 15:06:35.238 [restartedMain] [INFO] o.a.c.c.StandardEngine - Starting Servlet engine: [Apache Tomcat/9.0.55]
 2022.02.17 15:06:35.353 [restartedMain] [INFO] o.a.c.c.C.[.[.[/] - Initializing Spring embedded WebApplicationContext
 2022.02.17 15:06:35.353 [restartedMain] [INFO] o.s.b.w.s.c.ServletWebServerApplicationContext - Root WebApplicationContext: initialization completed in 1279 ms
 2022.02.17 15:06:35.428 [restartedMain] [INFO] o.a.c.c.StandardService - Stopping service [Tomcat]
 2022.02.17 15:06:35.446 [restartedMain] [INFO] o.s.b.a.l.ConditionEvaluationReportLoggingListener - 

Error starting ApplicationContext. To display the conditions report re-run your application with 'debug' enabled.
 2022.02.17 15:08:06.557 [restartedMain] [INFO] c.s.p.c.MainController - Starting MainController using Java 11.0.11 on pseongsoo.local with PID 18506 (/Users/seongsoo/Workspace/personal/project-lab/module2/build/classes/java/main started by seongsoo in /Users/seongsoo/Workspace/personal/project-lab/module2)
 2022.02.17 15:08:06.562 [restartedMain] [INFO] c.s.p.c.MainController - No active profile set, falling back to default profiles: default
 2022.02.17 15:08:06.593 [restartedMain] [INFO] o.s.b.d.e.DevToolsPropertyDefaultsPostProcessor - Devtools property defaults active! Set 'spring.devtools.add-properties' to 'false' to disable
 2022.02.17 15:08:06.593 [restartedMain] [INFO] o.s.b.d.e.DevToolsPropertyDefaultsPostProcessor - For additional web related logging consider setting the 'logging.level.web' property to 'DEBUG'
 2022.02.17 15:08:07.059 [restartedMain] [INFO] o.s.d.r.c.RepositoryConfigurationDelegate - Bootstrapping Spring Data JPA repositories in DEFAULT mode.
 2022.02.17 15:08:07.068 [restartedMain] [INFO] o.s.d.r.c.RepositoryConfigurationDelegate - Finished Spring Data repository scanning in 3 ms. Found 0 JPA repository interfaces.
 2022.02.17 15:08:07.492 [restartedMain] [INFO] o.s.b.w.e.t.TomcatWebServer - Tomcat initialized with port(s): 8080 (http)
 2022.02.17 15:08:07.499 [restartedMain] [INFO] o.a.c.h.Http11NioProtocol - Initializing ProtocolHandler ["http-nio-8080"]
 2022.02.17 15:08:07.500 [restartedMain] [INFO] o.a.c.c.StandardService - Starting service [Tomcat]
 2022.02.17 15:08:07.500 [restartedMain] [INFO] o.a.c.c.StandardEngine - Starting Servlet engine: [Apache Tomcat/9.0.55]
 2022.02.17 15:08:07.609 [restartedMain] [INFO] o.a.c.c.C.[.[.[/] - Initializing Spring embedded WebApplicationContext
 2022.02.17 15:08:07.609 [restartedMain] [INFO] o.s.b.w.s.c.ServletWebServerApplicationContext - Root WebApplicationContext: initialization completed in 1015 ms
 2022.02.17 15:08:07.667 [restartedMain] [INFO] o.a.c.c.StandardService - Stopping service [Tomcat]
 2022.02.17 15:08:07.682 [restartedMain] [INFO] o.s.b.a.l.ConditionEvaluationReportLoggingListener - 

Error starting ApplicationContext. To display the conditions report re-run your application with 'debug' enabled.
 2022.02.17 15:11:01.187 [restartedMain] [INFO] c.s.p.c.MainController - Starting MainController using Java 11.0.11 on pseongsoo.local with PID 18547 (/Users/seongsoo/Workspace/personal/project-lab/module2/build/classes/java/main started by seongsoo in /Users/seongsoo/Workspace/personal/project-lab/module2)
 2022.02.17 15:11:01.192 [restartedMain] [INFO] c.s.p.c.MainController - No active profile set, falling back to default profiles: default
 2022.02.17 15:11:01.222 [restartedMain] [INFO] o.s.b.d.e.DevToolsPropertyDefaultsPostProcessor - Devtools property defaults active! Set 'spring.devtools.add-properties' to 'false' to disable
 2022.02.17 15:11:01.223 [restartedMain] [INFO] o.s.b.d.e.DevToolsPropertyDefaultsPostProcessor - For additional web related logging consider setting the 'logging.level.web' property to 'DEBUG'
 2022.02.17 15:11:01.736 [restartedMain] [INFO] o.s.d.r.c.RepositoryConfigurationDelegate - Bootstrapping Spring Data JPA repositories in DEFAULT mode.
 2022.02.17 15:11:01.748 [restartedMain] [INFO] o.s.d.r.c.RepositoryConfigurationDelegate - Finished Spring Data repository scanning in 4 ms. Found 0 JPA repository interfaces.
 2022.02.17 15:11:02.209 [restartedMain] [INFO] o.s.b.w.e.t.TomcatWebServer - Tomcat initialized with port(s): 8080 (http)
 2022.02.17 15:11:02.219 [restartedMain] [INFO] o.a.c.h.Http11NioProtocol - Initializing ProtocolHandler ["http-nio-8080"]
 2022.02.17 15:11:02.220 [restartedMain] [INFO] o.a.c.c.StandardService - Starting service [Tomcat]
 2022.02.17 15:11:02.220 [restartedMain] [INFO] o.a.c.c.StandardEngine - Starting Servlet engine: [Apache Tomcat/9.0.55]
 2022.02.17 15:11:02.321 [restartedMain] [INFO] o.a.c.c.C.[.[.[/] - Initializing Spring embedded WebApplicationContext
 2022.02.17 15:11:02.321 [restartedMain] [INFO] o.s.b.w.s.c.ServletWebServerApplicationContext - Root WebApplicationContext: initialization completed in 1098 ms
 2022.02.17 15:11:02.385 [restartedMain] [INFO] o.a.c.c.StandardService - Stopping service [Tomcat]
 2022.02.17 15:11:02.401 [restartedMain] [INFO] o.s.b.a.l.ConditionEvaluationReportLoggingListener - 

Error starting ApplicationContext. To display the conditions report re-run your application with 'debug' enabled.
 2022.02.17 15:14:36.955 [restartedMain] [INFO] c.s.p.c.MainController - Starting MainController using Java 11.0.11 on pseongsoo.local with PID 18581 (/Users/seongsoo/Workspace/personal/project-lab/module2/build/classes/java/main started by seongsoo in /Users/seongsoo/Workspace/personal/project-lab/module2)
 2022.02.17 15:14:36.961 [restartedMain] [INFO] c.s.p.c.MainController - No active profile set, falling back to default profiles: default
 2022.02.17 15:14:36.996 [restartedMain] [INFO] o.s.b.d.e.DevToolsPropertyDefaultsPostProcessor - Devtools property defaults active! Set 'spring.devtools.add-properties' to 'false' to disable
 2022.02.17 15:14:36.997 [restartedMain] [INFO] o.s.b.d.e.DevToolsPropertyDefaultsPostProcessor - For additional web related logging consider setting the 'logging.level.web' property to 'DEBUG'
 2022.02.17 15:14:37.582 [restartedMain] [INFO] o.s.d.r.c.RepositoryConfigurationDelegate - Bootstrapping Spring Data JPA repositories in DEFAULT mode.
 2022.02.17 15:14:37.596 [restartedMain] [INFO] o.s.d.r.c.RepositoryConfigurationDelegate - Finished Spring Data repository scanning in 4 ms. Found 0 JPA repository interfaces.
 2022.02.17 15:14:38.149 [restartedMain] [INFO] o.s.b.w.e.t.TomcatWebServer - Tomcat initialized with port(s): 8882 (http)
 2022.02.17 15:14:38.160 [restartedMain] [INFO] o.a.c.h.Http11NioProtocol - Initializing ProtocolHandler ["http-nio-8882"]
 2022.02.17 15:14:38.161 [restartedMain] [INFO] o.a.c.c.StandardService - Starting service [Tomcat]
 2022.02.17 15:14:38.162 [restartedMain] [INFO] o.a.c.c.StandardEngine - Starting Servlet engine: [Apache Tomcat/9.0.55]
 2022.02.17 15:14:38.271 [restartedMain] [INFO] o.a.c.c.C.[.[.[/] - Initializing Spring embedded WebApplicationContext
 2022.02.17 15:14:38.271 [restartedMain] [INFO] o.s.b.w.s.c.ServletWebServerApplicationContext - Root WebApplicationContext: initialization completed in 1273 ms
 2022.02.17 15:14:38.345 [restartedMain] [INFO] o.a.c.c.StandardService - Stopping service [Tomcat]
 2022.02.17 15:14:38.362 [restartedMain] [INFO] o.s.b.a.l.ConditionEvaluationReportLoggingListener - 

Error starting ApplicationContext. To display the conditions report re-run your application with 'debug' enabled.
 2022.02.17 15:16:07.097 [restartedMain] [INFO] c.s.p.c.MainController - Starting MainController using Java 11.0.11 on pseongsoo.local with PID 18593 (/Users/seongsoo/Workspace/personal/project-lab/module2/build/classes/java/main started by seongsoo in /Users/seongsoo/Workspace/personal/project-lab/module2)
 2022.02.17 15:16:07.103 [restartedMain] [INFO] c.s.p.c.MainController - No active profile set, falling back to default profiles: default
 2022.02.17 15:16:07.140 [restartedMain] [INFO] o.s.b.d.e.DevToolsPropertyDefaultsPostProcessor - Devtools property defaults active! Set 'spring.devtools.add-properties' to 'false' to disable
 2022.02.17 15:16:07.140 [restartedMain] [INFO] o.s.b.d.e.DevToolsPropertyDefaultsPostProcessor - For additional web related logging consider setting the 'logging.level.web' property to 'DEBUG'
 2022.02.17 15:16:07.683 [restartedMain] [INFO] o.s.d.r.c.RepositoryConfigurationDelegate - Bootstrapping Spring Data JPA repositories in DEFAULT mode.
 2022.02.17 15:16:07.695 [restartedMain] [INFO] o.s.d.r.c.RepositoryConfigurationDelegate - Finished Spring Data repository scanning in 4 ms. Found 0 JPA repository interfaces.
 2022.02.17 15:16:08.148 [restartedMain] [INFO] o.s.b.w.e.t.TomcatWebServer - Tomcat initialized with port(s): 8882 (http)
 2022.02.17 15:16:08.158 [restartedMain] [INFO] o.a.c.h.Http11NioProtocol - Initializing ProtocolHandler ["http-nio-8882"]
 2022.02.17 15:16:08.159 [restartedMain] [INFO] o.a.c.c.StandardService - Starting service [Tomcat]
 2022.02.17 15:16:08.160 [restartedMain] [INFO] o.a.c.c.StandardEngine - Starting Servlet engine: [Apache Tomcat/9.0.55]
 2022.02.17 15:16:08.295 [restartedMain] [INFO] o.a.c.c.C.[.[.[/] - Initializing Spring embedded WebApplicationContext
 2022.02.17 15:16:08.295 [restartedMain] [INFO] o.s.b.w.s.c.ServletWebServerApplicationContext - Root WebApplicationContext: initialization completed in 1154 ms
 2022.02.17 15:16:08.365 [restartedMain] [INFO] o.a.c.c.StandardService - Stopping service [Tomcat]
 2022.02.17 15:16:08.383 [restartedMain] [INFO] o.s.b.a.l.ConditionEvaluationReportLoggingListener - 

Error starting ApplicationContext. To display the conditions report re-run your application with 'debug' enabled.
 2022.02.17 15:18:39.512 [restartedMain] [INFO] c.s.p.c.MainController - Starting MainController using Java 11.0.11 on pseongsoo.local with PID 18625 (/Users/seongsoo/Workspace/personal/project-lab/module2/build/classes/java/main started by seongsoo in /Users/seongsoo/Workspace/personal/project-lab/module2)
 2022.02.17 15:18:39.518 [restartedMain] [INFO] c.s.p.c.MainController - The following profiles are active: core
 2022.02.17 15:18:39.551 [restartedMain] [INFO] o.s.b.d.e.DevToolsPropertyDefaultsPostProcessor - Devtools property defaults active! Set 'spring.devtools.add-properties' to 'false' to disable
 2022.02.17 15:18:39.552 [restartedMain] [INFO] o.s.b.d.e.DevToolsPropertyDefaultsPostProcessor - For additional web related logging consider setting the 'logging.level.web' property to 'DEBUG'
 2022.02.17 15:18:40.070 [restartedMain] [INFO] o.s.d.r.c.RepositoryConfigurationDelegate - Bootstrapping Spring Data JPA repositories in DEFAULT mode.
 2022.02.17 15:18:40.082 [restartedMain] [INFO] o.s.d.r.c.RepositoryConfigurationDelegate - Finished Spring Data repository scanning in 4 ms. Found 0 JPA repository interfaces.
 2022.02.17 15:18:40.530 [restartedMain] [INFO] o.s.b.w.e.t.TomcatWebServer - Tomcat initialized with port(s): 8080 (http)
 2022.02.17 15:18:40.540 [restartedMain] [INFO] o.a.c.h.Http11NioProtocol - Initializing ProtocolHandler ["http-nio-8080"]
 2022.02.17 15:18:40.540 [restartedMain] [INFO] o.a.c.c.StandardService - Starting service [Tomcat]
 2022.02.17 15:18:40.541 [restartedMain] [INFO] o.a.c.c.StandardEngine - Starting Servlet engine: [Apache Tomcat/9.0.55]
 2022.02.17 15:18:40.639 [restartedMain] [INFO] o.a.c.c.C.[.[.[/] - Initializing Spring embedded WebApplicationContext
 2022.02.17 15:18:40.640 [restartedMain] [INFO] o.s.b.w.s.c.ServletWebServerApplicationContext - Root WebApplicationContext: initialization completed in 1087 ms
 2022.02.17 15:18:40.701 [restartedMain] [INFO] o.a.c.c.StandardService - Stopping service [Tomcat]
 2022.02.17 15:18:40.715 [restartedMain] [INFO] o.s.b.a.l.ConditionEvaluationReportLoggingListener - 

Error starting ApplicationContext. To display the conditions report re-run your application with 'debug' enabled.
 2022.02.17 15:21:11.552 [restartedMain] [INFO] c.s.p.c.MainController - Starting MainController using Java 11.0.11 on pseongsoo.local with PID 18645 (/Users/seongsoo/Workspace/personal/project-lab/module2/build/classes/java/main started by seongsoo in /Users/seongsoo/Workspace/personal/project-lab/module2)
 2022.02.17 15:21:11.557 [restartedMain] [INFO] c.s.p.c.MainController - The following profiles are active: core
 2022.02.17 15:21:11.589 [restartedMain] [INFO] o.s.b.d.e.DevToolsPropertyDefaultsPostProcessor - Devtools property defaults active! Set 'spring.devtools.add-properties' to 'false' to disable
 2022.02.17 15:21:11.590 [restartedMain] [INFO] o.s.b.d.e.DevToolsPropertyDefaultsPostProcessor - For additional web related logging consider setting the 'logging.level.web' property to 'DEBUG'
 2022.02.17 15:21:12.069 [restartedMain] [INFO] o.s.d.r.c.RepositoryConfigurationDelegate - Bootstrapping Spring Data JPA repositories in DEFAULT mode.
 2022.02.17 15:21:12.080 [restartedMain] [INFO] o.s.d.r.c.RepositoryConfigurationDelegate - Finished Spring Data repository scanning in 4 ms. Found 0 JPA repository interfaces.
 2022.02.17 15:21:12.517 [restartedMain] [INFO] o.s.b.w.e.t.TomcatWebServer - Tomcat initialized with port(s): 8080 (http)
 2022.02.17 15:21:12.524 [restartedMain] [INFO] o.a.c.h.Http11NioProtocol - Initializing ProtocolHandler ["http-nio-8080"]
 2022.02.17 15:21:12.525 [restartedMain] [INFO] o.a.c.c.StandardService - Starting service [Tomcat]
 2022.02.17 15:21:12.525 [restartedMain] [INFO] o.a.c.c.StandardEngine - Starting Servlet engine: [Apache Tomcat/9.0.55]
 2022.02.17 15:21:12.627 [restartedMain] [INFO] o.a.c.c.C.[.[.[/] - Initializing Spring embedded WebApplicationContext
 2022.02.17 15:21:12.627 [restartedMain] [INFO] o.s.b.w.s.c.ServletWebServerApplicationContext - Root WebApplicationContext: initialization completed in 1037 ms
 2022.02.17 15:21:12.694 [restartedMain] [INFO] o.a.c.c.StandardService - Stopping service [Tomcat]
 2022.02.17 15:21:12.709 [restartedMain] [INFO] o.s.b.a.l.ConditionEvaluationReportLoggingListener - 

Error starting ApplicationContext. To display the conditions report re-run your application with 'debug' enabled.
 2022.02.17 15:25:08.823 [restartedMain] [INFO] c.s.p.c.MainController - Starting MainController using Java 11.0.11 on pseongsoo.local with PID 18671 (/Users/seongsoo/Workspace/personal/project-lab/module2/build/classes/java/main started by seongsoo in /Users/seongsoo/Workspace/personal/project-lab/module2)
 2022.02.17 15:25:08.829 [restartedMain] [INFO] c.s.p.c.MainController - The following profiles are active: core
 2022.02.17 15:25:08.861 [restartedMain] [INFO] o.s.b.d.e.DevToolsPropertyDefaultsPostProcessor - Devtools property defaults active! Set 'spring.devtools.add-properties' to 'false' to disable
 2022.02.17 15:25:08.861 [restartedMain] [INFO] o.s.b.d.e.DevToolsPropertyDefaultsPostProcessor - For additional web related logging consider setting the 'logging.level.web' property to 'DEBUG'
 2022.02.17 15:25:09.374 [restartedMain] [INFO] o.s.d.r.c.RepositoryConfigurationDelegate - Bootstrapping Spring Data JPA repositories in DEFAULT mode.
 2022.02.17 15:25:09.385 [restartedMain] [INFO] o.s.d.r.c.RepositoryConfigurationDelegate - Finished Spring Data repository scanning in 4 ms. Found 0 JPA repository interfaces.
 2022.02.17 15:25:09.824 [restartedMain] [INFO] o.s.b.w.e.t.TomcatWebServer - Tomcat initialized with port(s): 8080 (http)
 2022.02.17 15:25:09.832 [restartedMain] [INFO] o.a.c.h.Http11NioProtocol - Initializing ProtocolHandler ["http-nio-8080"]
 2022.02.17 15:25:09.832 [restartedMain] [INFO] o.a.c.c.StandardService - Starting service [Tomcat]
 2022.02.17 15:25:09.833 [restartedMain] [INFO] o.a.c.c.StandardEngine - Starting Servlet engine: [Apache Tomcat/9.0.55]
 2022.02.17 15:25:09.934 [restartedMain] [INFO] o.a.c.c.C.[.[.[/] - Initializing Spring embedded WebApplicationContext
 2022.02.17 15:25:09.934 [restartedMain] [INFO] o.s.b.w.s.c.ServletWebServerApplicationContext - Root WebApplicationContext: initialization completed in 1072 ms
 2022.02.17 15:25:09.993 [restartedMain] [INFO] o.a.c.c.StandardService - Stopping service [Tomcat]
 2022.02.17 15:25:10.008 [restartedMain] [INFO] o.s.b.a.l.ConditionEvaluationReportLoggingListener - 

Error starting ApplicationContext. To display the conditions report re-run your application with 'debug' enabled.
 2022.02.17 15:26:53.485 [restartedMain] [INFO] c.s.p.MainController - Starting MainController using Java 11.0.11 on pseongsoo.local with PID 18696 (/Users/seongsoo/Workspace/personal/project-lab/module2/build/classes/java/main started by seongsoo in /Users/seongsoo/Workspace/personal/project-lab/module2)
 2022.02.17 15:26:53.490 [restartedMain] [INFO] c.s.p.MainController - The following profiles are active: core
 2022.02.17 15:26:53.520 [restartedMain] [INFO] o.s.b.d.e.DevToolsPropertyDefaultsPostProcessor - Devtools property defaults active! Set 'spring.devtools.add-properties' to 'false' to disable
 2022.02.17 15:26:53.520 [restartedMain] [INFO] o.s.b.d.e.DevToolsPropertyDefaultsPostProcessor - For additional web related logging consider setting the 'logging.level.web' property to 'DEBUG'
 2022.02.17 15:26:53.968 [restartedMain] [INFO] o.s.d.r.c.RepositoryConfigurationDelegate - Bootstrapping Spring Data JPA repositories in DEFAULT mode.
 2022.02.17 15:26:53.978 [restartedMain] [INFO] o.s.d.r.c.RepositoryConfigurationDelegate - Finished Spring Data repository scanning in 4 ms. Found 0 JPA repository interfaces.
 2022.02.17 15:26:54.361 [restartedMain] [INFO] o.s.b.w.e.t.TomcatWebServer - Tomcat initialized with port(s): 8080 (http)
 2022.02.17 15:26:54.368 [restartedMain] [INFO] o.a.c.h.Http11NioProtocol - Initializing ProtocolHandler ["http-nio-8080"]
 2022.02.17 15:26:54.369 [restartedMain] [INFO] o.a.c.c.StandardService - Starting service [Tomcat]
 2022.02.17 15:26:54.369 [restartedMain] [INFO] o.a.c.c.StandardEngine - Starting Servlet engine: [Apache Tomcat/9.0.55]
 2022.02.17 15:26:54.469 [restartedMain] [INFO] o.a.c.c.C.[.[.[/] - Initializing Spring embedded WebApplicationContext
 2022.02.17 15:26:54.469 [restartedMain] [INFO] o.s.b.w.s.c.ServletWebServerApplicationContext - Root WebApplicationContext: initialization completed in 949 ms
 2022.02.17 15:26:54.586 [restartedMain] [INFO] o.h.j.i.u.LogHelper - HHH000204: Processing PersistenceUnitInfo [name: default]
 2022.02.17 15:26:54.635 [restartedMain] [INFO] o.h.Version - HHH000412: Hibernate ORM core version 5.6.1.Final
 2022.02.17 15:26:54.776 [restartedMain] [INFO] o.h.a.c.Version - HCANN000001: Hibernate Commons Annotations {5.1.2.Final}
 2022.02.17 15:26:54.861 [restartedMain] [INFO] c.z.h.HikariDataSource - HikariPool-1 - Starting...
 2022.02.17 15:26:55.019 [restartedMain] [INFO] c.z.h.HikariDataSource - HikariPool-1 - Start completed.
 2022.02.17 15:26:55.039 [restartedMain] [INFO] o.h.d.Dialect - HHH000400: Using dialect: org.hibernate.dialect.PostgreSQL10Dialect
 2022.02.17 15:26:55.706 [restartedMain] [INFO] o.h.e.t.j.p.i.JtaPlatformInitiator - HHH000490: Using JtaPlatform implementation: [org.hibernate.engine.transaction.jta.platform.internal.NoJtaPlatform]
 2022.02.17 15:26:55.730 [restartedMain] [INFO] o.s.o.j.LocalContainerEntityManagerFactoryBean - Initialized JPA EntityManagerFactory for persistence unit 'default'
 2022.02.17 15:26:56.046 [restartedMain] [INFO] o.s.b.d.a.OptionalLiveReloadServer - LiveReload server is running on port 35729
 2022.02.17 15:26:56.058 [restartedMain] [INFO] o.a.c.h.Http11NioProtocol - Starting ProtocolHandler ["http-nio-8080"]
 2022.02.17 15:26:56.082 [restartedMain] [INFO] o.s.b.w.e.t.TomcatWebServer - Tomcat started on port(s): 8080 (http) with context path ''
 2022.02.17 15:26:56.091 [restartedMain] [INFO] c.s.p.MainController - Started MainController in 2.907 seconds (JVM running for 8.682)
 2022.02.17 15:33:04.290 [restartedMain] [INFO] c.s.p.MainController - Starting MainController using Java 11.0.11 on pseongsoo.local with PID 18757 (/Users/seongsoo/Workspace/personal/project-lab/module2/build/classes/java/main started by seongsoo in /Users/seongsoo/Workspace/personal/project-lab/module2)
 2022.02.17 15:33:04.295 [restartedMain] [INFO] c.s.p.MainController - The following profiles are active: core
 2022.02.17 15:33:04.327 [restartedMain] [INFO] o.s.b.d.e.DevToolsPropertyDefaultsPostProcessor - Devtools property defaults active! Set 'spring.devtools.add-properties' to 'false' to disable
 2022.02.17 15:33:04.327 [restartedMain] [INFO] o.s.b.d.e.DevToolsPropertyDefaultsPostProcessor - For additional web related logging consider setting the 'logging.level.web' property to 'DEBUG'
 2022.02.17 15:33:04.835 [restartedMain] [INFO] o.s.d.r.c.RepositoryConfigurationDelegate - Bootstrapping Spring Data JPA repositories in DEFAULT mode.
 2022.02.17 15:33:04.847 [restartedMain] [INFO] o.s.d.r.c.RepositoryConfigurationDelegate - Finished Spring Data repository scanning in 4 ms. Found 0 JPA repository interfaces.
 2022.02.17 15:33:05.262 [restartedMain] [INFO] o.s.b.w.e.t.TomcatWebServer - Tomcat initialized with port(s): 8080 (http)
 2022.02.17 15:33:05.270 [restartedMain] [INFO] o.a.c.h.Http11NioProtocol - Initializing ProtocolHandler ["http-nio-8080"]
 2022.02.17 15:33:05.271 [restartedMain] [INFO] o.a.c.c.StandardService - Starting service [Tomcat]
 2022.02.17 15:33:05.272 [restartedMain] [INFO] o.a.c.c.StandardEngine - Starting Servlet engine: [Apache Tomcat/9.0.55]
 2022.02.17 15:33:05.366 [restartedMain] [INFO] o.a.c.c.C.[.[.[/] - Initializing Spring embedded WebApplicationContext
 2022.02.17 15:33:05.367 [restartedMain] [INFO] o.s.b.w.s.c.ServletWebServerApplicationContext - Root WebApplicationContext: initialization completed in 1039 ms
 2022.02.17 15:33:05.487 [restartedMain] [INFO] o.h.j.i.u.LogHelper - HHH000204: Processing PersistenceUnitInfo [name: default]
 2022.02.17 15:33:05.536 [restartedMain] [INFO] o.h.Version - HHH000412: Hibernate ORM core version 5.6.1.Final
 2022.02.17 15:33:05.680 [restartedMain] [INFO] o.h.a.c.Version - HCANN000001: Hibernate Commons Annotations {5.1.2.Final}
 2022.02.17 15:33:05.760 [restartedMain] [INFO] c.z.h.HikariDataSource - HikariPool-1 - Starting...
 2022.02.17 15:33:05.916 [restartedMain] [INFO] c.z.h.HikariDataSource - HikariPool-1 - Start completed.
 2022.02.17 15:33:05.935 [restartedMain] [INFO] o.h.d.Dialect - HHH000400: Using dialect: org.hibernate.dialect.PostgreSQL10Dialect
 2022.02.17 15:33:06.559 [restartedMain] [INFO] o.h.e.t.j.p.i.JtaPlatformInitiator - HHH000490: Using JtaPlatform implementation: [org.hibernate.engine.transaction.jta.platform.internal.NoJtaPlatform]
 2022.02.17 15:33:06.566 [restartedMain] [INFO] o.s.o.j.LocalContainerEntityManagerFactoryBean - Initialized JPA EntityManagerFactory for persistence unit 'default'
 2022.02.17 15:33:06.906 [restartedMain] [INFO] o.s.b.d.a.OptionalLiveReloadServer - LiveReload server is running on port 35729
 2022.02.17 15:33:06.920 [restartedMain] [INFO] o.a.c.h.Http11NioProtocol - Starting ProtocolHandler ["http-nio-8080"]
 2022.02.17 15:33:06.947 [restartedMain] [INFO] o.s.b.w.e.t.TomcatWebServer - Tomcat started on port(s): 8080 (http) with context path ''
 2022.02.17 15:33:06.957 [restartedMain] [INFO] c.s.p.MainController - Started MainController in 2.977 seconds (JVM running for 8.795)
 2022.02.17 15:36:07.287 [restartedMain] [INFO] c.s.p.MainController - Starting MainController using Java 11.0.11 on pseongsoo.local with PID 18798 (/Users/seongsoo/Workspace/personal/project-lab/module2/build/classes/java/main started by seongsoo in /Users/seongsoo/Workspace/personal/project-lab/module2)
 2022.02.17 15:36:07.293 [restartedMain] [INFO] c.s.p.MainController - The following profiles are active: core
 2022.02.17 15:36:07.327 [restartedMain] [INFO] o.s.b.d.e.DevToolsPropertyDefaultsPostProcessor - Devtools property defaults active! Set 'spring.devtools.add-properties' to 'false' to disable
 2022.02.17 15:36:07.327 [restartedMain] [INFO] o.s.b.d.e.DevToolsPropertyDefaultsPostProcessor - For additional web related logging consider setting the 'logging.level.web' property to 'DEBUG'
 2022.02.17 15:36:07.864 [restartedMain] [INFO] o.s.d.r.c.RepositoryConfigurationDelegate - Bootstrapping Spring Data JPA repositories in DEFAULT mode.
 2022.02.17 15:36:07.875 [restartedMain] [INFO] o.s.d.r.c.RepositoryConfigurationDelegate - Finished Spring Data repository scanning in 3 ms. Found 0 JPA repository interfaces.
 2022.02.17 15:36:08.335 [restartedMain] [INFO] o.s.b.w.e.t.TomcatWebServer - Tomcat initialized with port(s): 8080 (http)
 2022.02.17 15:36:08.344 [restartedMain] [INFO] o.a.c.h.Http11NioProtocol - Initializing ProtocolHandler ["http-nio-8080"]
 2022.02.17 15:36:08.344 [restartedMain] [INFO] o.a.c.c.StandardService - Starting service [Tomcat]
 2022.02.17 15:36:08.345 [restartedMain] [INFO] o.a.c.c.StandardEngine - Starting Servlet engine: [Apache Tomcat/9.0.55]
 2022.02.17 15:36:08.472 [restartedMain] [INFO] o.a.c.c.C.[.[.[/] - Initializing Spring embedded WebApplicationContext
 2022.02.17 15:36:08.472 [restartedMain] [INFO] o.s.b.w.s.c.ServletWebServerApplicationContext - Root WebApplicationContext: initialization completed in 1145 ms
 2022.02.17 15:36:08.611 [restartedMain] [INFO] o.h.j.i.u.LogHelper - HHH000204: Processing PersistenceUnitInfo [name: default]
 2022.02.17 15:36:08.666 [restartedMain] [INFO] o.h.Version - HHH000412: Hibernate ORM core version 5.6.1.Final
 2022.02.17 15:36:08.818 [restartedMain] [INFO] o.h.a.c.Version - HCANN000001: Hibernate Commons Annotations {5.1.2.Final}
 2022.02.17 15:36:08.905 [restartedMain] [INFO] c.z.h.HikariDataSource - HikariPool-1 - Starting...
 2022.02.17 15:36:09.101 [restartedMain] [INFO] c.z.h.HikariDataSource - HikariPool-1 - Start completed.
 2022.02.17 15:36:09.123 [restartedMain] [INFO] o.h.d.Dialect - HHH000400: Using dialect: org.hibernate.dialect.PostgreSQL10Dialect
 2022.02.17 15:36:09.786 [restartedMain] [INFO] o.h.e.t.j.p.i.JtaPlatformInitiator - HHH000490: Using JtaPlatform implementation: [org.hibernate.engine.transaction.jta.platform.internal.NoJtaPlatform]
 2022.02.17 15:36:09.793 [restartedMain] [INFO] o.s.o.j.LocalContainerEntityManagerFactoryBean - Initialized JPA EntityManagerFactory for persistence unit 'default'
 2022.02.17 15:36:10.122 [restartedMain] [INFO] o.s.b.d.a.OptionalLiveReloadServer - LiveReload server is running on port 35729
 2022.02.17 15:36:10.133 [restartedMain] [INFO] o.a.c.h.Http11NioProtocol - Starting ProtocolHandler ["http-nio-8080"]
 2022.02.17 15:36:10.157 [restartedMain] [INFO] o.s.b.w.e.t.TomcatWebServer - Tomcat started on port(s): 8080 (http) with context path ''
 2022.02.17 15:36:10.167 [restartedMain] [INFO] c.s.p.MainController - Started MainController in 3.206 seconds (JVM running for 9.175)
 2022.02.17 15:51:21.098 [restartedMain] [INFO] c.s.p.MainController - Starting MainController using Java 11.0.11 on pseongsoo.local with PID 18971 (/Users/seongsoo/Workspace/personal/project-lab/module2/build/classes/java/main started by seongsoo in /Users/seongsoo/Workspace/personal/project-lab/module2)
 2022.02.17 15:51:21.105 [restartedMain] [INFO] c.s.p.MainController - The following profiles are active: core
 2022.02.17 15:51:21.138 [restartedMain] [INFO] o.s.b.d.e.DevToolsPropertyDefaultsPostProcessor - Devtools property defaults active! Set 'spring.devtools.add-properties' to 'false' to disable
 2022.02.17 15:51:21.138 [restartedMain] [INFO] o.s.b.d.e.DevToolsPropertyDefaultsPostProcessor - For additional web related logging consider setting the 'logging.level.web' property to 'DEBUG'
 2022.02.17 15:51:21.762 [restartedMain] [INFO] o.s.d.r.c.RepositoryConfigurationDelegate - Bootstrapping Spring Data JPA repositories in DEFAULT mode.
 2022.02.17 15:51:21.818 [restartedMain] [INFO] o.s.d.r.c.RepositoryConfigurationDelegate - Finished Spring Data repository scanning in 46 ms. Found 3 JPA repository interfaces.
 2022.02.17 15:51:22.517 [restartedMain] [INFO] o.s.b.w.e.t.TomcatWebServer - Tomcat initialized with port(s): 8080 (http)
 2022.02.17 15:51:22.538 [restartedMain] [INFO] o.a.c.h.Http11NioProtocol - Initializing ProtocolHandler ["http-nio-8080"]
 2022.02.17 15:51:22.539 [restartedMain] [INFO] o.a.c.c.StandardService - Starting service [Tomcat]
 2022.02.17 15:51:22.540 [restartedMain] [INFO] o.a.c.c.StandardEngine - Starting Servlet engine: [Apache Tomcat/9.0.55]
 2022.02.17 15:51:22.777 [restartedMain] [INFO] o.a.c.c.C.[.[.[/] - Initializing Spring embedded WebApplicationContext
 2022.02.17 15:51:22.778 [restartedMain] [INFO] o.s.b.w.s.c.ServletWebServerApplicationContext - Root WebApplicationContext: initialization completed in 1639 ms
 2022.02.17 15:51:22.993 [restartedMain] [INFO] o.h.j.i.u.LogHelper - HHH000204: Processing PersistenceUnitInfo [name: default]
 2022.02.17 15:51:23.064 [restartedMain] [INFO] o.h.Version - HHH000412: Hibernate ORM core version 5.6.1.Final
 2022.02.17 15:51:23.273 [restartedMain] [INFO] o.h.a.c.Version - HCANN000001: Hibernate Commons Annotations {5.1.2.Final}
 2022.02.17 15:51:23.383 [restartedMain] [INFO] c.z.h.HikariDataSource - HikariPool-1 - Starting...
 2022.02.17 15:51:23.667 [restartedMain] [INFO] c.z.h.HikariDataSource - HikariPool-1 - Start completed.
 2022.02.17 15:51:23.701 [restartedMain] [INFO] o.h.d.Dialect - HHH000400: Using dialect: org.hibernate.dialect.PostgreSQL10Dialect
 2022.02.17 15:51:24.602 [restartedMain] [INFO] o.h.e.t.j.p.i.JtaPlatformInitiator - HHH000490: Using JtaPlatform implementation: [org.hibernate.engine.transaction.jta.platform.internal.NoJtaPlatform]
 2022.02.17 15:51:24.614 [restartedMain] [INFO] o.s.o.j.LocalContainerEntityManagerFactoryBean - Initialized JPA EntityManagerFactory for persistence unit 'default'
 2022.02.17 15:51:25.386 [restartedMain] [INFO] o.s.o.j.LocalContainerEntityManagerFactoryBean - Closing JPA EntityManagerFactory for persistence unit 'default'
 2022.02.17 15:51:25.387 [restartedMain] [INFO] o.h.t.s.i.SchemaDropperImpl$DelayedDropActionImpl - HHH000477: Starting delayed evictData of schema as part of SessionFactory shut-down'
 2022.02.17 15:51:25.439 [restartedMain] [INFO] c.z.h.HikariDataSource - HikariPool-1 - Shutdown initiated...
 2022.02.17 15:51:25.445 [restartedMain] [INFO] c.z.h.HikariDataSource - HikariPool-1 - Shutdown completed.
 2022.02.17 15:51:25.447 [restartedMain] [INFO] o.a.c.c.StandardService - Stopping service [Tomcat]
 2022.02.17 15:51:25.460 [restartedMain] [INFO] o.s.b.a.l.ConditionEvaluationReportLoggingListener - 

Error starting ApplicationContext. To display the conditions report re-run your application with 'debug' enabled.
 2022.02.17 15:52:21.541 [restartedMain] [INFO] c.s.p.MainController - Starting MainController using Java 11.0.11 on pseongsoo.local with PID 18984 (/Users/seongsoo/Workspace/personal/project-lab/module2/build/classes/java/main started by seongsoo in /Users/seongsoo/Workspace/personal/project-lab/module2)
 2022.02.17 15:52:21.548 [restartedMain] [INFO] c.s.p.MainController - The following profiles are active: core
 2022.02.17 15:52:21.585 [restartedMain] [INFO] o.s.b.d.e.DevToolsPropertyDefaultsPostProcessor - Devtools property defaults active! Set 'spring.devtools.add-properties' to 'false' to disable
 2022.02.17 15:52:21.585 [restartedMain] [INFO] o.s.b.d.e.DevToolsPropertyDefaultsPostProcessor - For additional web related logging consider setting the 'logging.level.web' property to 'DEBUG'
 2022.02.17 15:52:22.220 [restartedMain] [INFO] o.s.d.r.c.RepositoryConfigurationDelegate - Bootstrapping Spring Data JPA repositories in DEFAULT mode.
 2022.02.17 15:52:22.275 [restartedMain] [INFO] o.s.d.r.c.RepositoryConfigurationDelegate - Finished Spring Data repository scanning in 44 ms. Found 3 JPA repository interfaces.
 2022.02.17 15:52:22.833 [restartedMain] [INFO] o.s.b.w.e.t.TomcatWebServer - Tomcat initialized with port(s): 8080 (http)
 2022.02.17 15:52:22.845 [restartedMain] [INFO] o.a.c.h.Http11NioProtocol - Initializing ProtocolHandler ["http-nio-8080"]
 2022.02.17 15:52:22.845 [restartedMain] [INFO] o.a.c.c.StandardService - Starting service [Tomcat]
 2022.02.17 15:52:22.846 [restartedMain] [INFO] o.a.c.c.StandardEngine - Starting Servlet engine: [Apache Tomcat/9.0.55]
 2022.02.17 15:52:22.976 [restartedMain] [INFO] o.a.c.c.C.[.[.[/] - Initializing Spring embedded WebApplicationContext
 2022.02.17 15:52:22.976 [restartedMain] [INFO] o.s.b.w.s.c.ServletWebServerApplicationContext - Root WebApplicationContext: initialization completed in 1391 ms
 2022.02.17 15:52:23.132 [restartedMain] [INFO] o.h.j.i.u.LogHelper - HHH000204: Processing PersistenceUnitInfo [name: default]
 2022.02.17 15:52:23.181 [restartedMain] [INFO] o.h.Version - HHH000412: Hibernate ORM core version 5.6.1.Final
 2022.02.17 15:52:23.336 [restartedMain] [INFO] o.h.a.c.Version - HCANN000001: Hibernate Commons Annotations {5.1.2.Final}
 2022.02.17 15:52:23.434 [restartedMain] [INFO] c.z.h.HikariDataSource - HikariPool-1 - Starting...
 2022.02.17 15:52:23.632 [restartedMain] [INFO] c.z.h.HikariDataSource - HikariPool-1 - Start completed.
 2022.02.17 15:52:23.651 [restartedMain] [INFO] o.h.d.Dialect - HHH000400: Using dialect: org.hibernate.dialect.PostgreSQL10Dialect
 2022.02.17 15:52:24.290 [restartedMain] [INFO] o.h.e.t.j.p.i.JtaPlatformInitiator - HHH000490: Using JtaPlatform implementation: [org.hibernate.engine.transaction.jta.platform.internal.NoJtaPlatform]
 2022.02.17 15:52:24.298 [restartedMain] [INFO] o.s.o.j.LocalContainerEntityManagerFactoryBean - Initialized JPA EntityManagerFactory for persistence unit 'default'
 2022.02.17 15:52:24.903 [restartedMain] [INFO] o.s.b.d.a.OptionalLiveReloadServer - LiveReload server is running on port 35729
 2022.02.17 15:52:24.916 [restartedMain] [INFO] o.a.c.h.Http11NioProtocol - Starting ProtocolHandler ["http-nio-8080"]
 2022.02.17 15:52:24.944 [restartedMain] [INFO] o.s.b.w.e.t.TomcatWebServer - Tomcat started on port(s): 8080 (http) with context path ''
 2022.02.17 15:52:24.954 [restartedMain] [INFO] c.s.p.MainController - Started MainController in 3.781 seconds (JVM running for 9.747)
 2022.02.17 15:52:57.829 [http-nio-8080-exec-1] [INFO] o.a.c.c.C.[.[.[/] - Initializing Spring DispatcherServlet 'dispatcherServlet'
 2022.02.17 15:52:57.830 [http-nio-8080-exec-1] [INFO] o.s.w.s.DispatcherServlet - Initializing Servlet 'dispatcherServlet'
 2022.02.17 15:52:57.831 [http-nio-8080-exec-1] [INFO] o.s.w.s.DispatcherServlet - Completed initialization in 1 ms
 2022.02.17 15:54:50.816 [restartedMain] [INFO] c.s.p.MainController - Starting MainController using Java 11.0.11 on pseongsoo.local with PID 19024 (/Users/seongsoo/Workspace/personal/project-lab/module2/build/classes/java/main started by seongsoo in /Users/seongsoo/Workspace/personal/project-lab/module2)
 2022.02.17 15:54:50.822 [restartedMain] [INFO] c.s.p.MainController - The following profiles are active: core
 2022.02.17 15:54:50.854 [restartedMain] [INFO] o.s.b.d.e.DevToolsPropertyDefaultsPostProcessor - Devtools property defaults active! Set 'spring.devtools.add-properties' to 'false' to disable
 2022.02.17 15:54:50.854 [restartedMain] [INFO] o.s.b.d.e.DevToolsPropertyDefaultsPostProcessor - For additional web related logging consider setting the 'logging.level.web' property to 'DEBUG'
 2022.02.17 15:54:51.380 [restartedMain] [INFO] o.s.d.r.c.RepositoryConfigurationDelegate - Bootstrapping Spring Data JPA repositories in DEFAULT mode.
 2022.02.17 15:54:51.423 [restartedMain] [INFO] o.s.d.r.c.RepositoryConfigurationDelegate - Finished Spring Data repository scanning in 37 ms. Found 3 JPA repository interfaces.
 2022.02.17 15:54:51.854 [restartedMain] [INFO] o.s.b.w.e.t.TomcatWebServer - Tomcat initialized with port(s): 8080 (http)
 2022.02.17 15:54:51.864 [restartedMain] [INFO] o.a.c.h.Http11NioProtocol - Initializing ProtocolHandler ["http-nio-8080"]
 2022.02.17 15:54:51.865 [restartedMain] [INFO] o.a.c.c.StandardService - Starting service [Tomcat]
 2022.02.17 15:54:51.866 [restartedMain] [INFO] o.a.c.c.StandardEngine - Starting Servlet engine: [Apache Tomcat/9.0.55]
 2022.02.17 15:54:51.978 [restartedMain] [INFO] o.a.c.c.C.[.[.[/] - Initializing Spring embedded WebApplicationContext
 2022.02.17 15:54:51.978 [restartedMain] [INFO] o.s.b.w.s.c.ServletWebServerApplicationContext - Root WebApplicationContext: initialization completed in 1123 ms
 2022.02.17 15:54:52.099 [restartedMain] [INFO] o.h.j.i.u.LogHelper - HHH000204: Processing PersistenceUnitInfo [name: default]
 2022.02.17 15:54:52.149 [restartedMain] [INFO] o.h.Version - HHH000412: Hibernate ORM core version 5.6.1.Final
 2022.02.17 15:54:52.292 [restartedMain] [INFO] o.h.a.c.Version - HCANN000001: Hibernate Commons Annotations {5.1.2.Final}
 2022.02.17 15:54:52.373 [restartedMain] [INFO] c.z.h.HikariDataSource - HikariPool-1 - Starting...
 2022.02.17 15:54:52.534 [restartedMain] [INFO] c.z.h.HikariDataSource - HikariPool-1 - Start completed.
 2022.02.17 15:54:52.554 [restartedMain] [INFO] o.h.d.Dialect - HHH000400: Using dialect: org.hibernate.dialect.PostgreSQL10Dialect
 2022.02.17 15:54:53.198 [restartedMain] [INFO] o.h.e.t.j.p.i.JtaPlatformInitiator - HHH000490: Using JtaPlatform implementation: [org.hibernate.engine.transaction.jta.platform.internal.NoJtaPlatform]
 2022.02.17 15:54:53.205 [restartedMain] [INFO] o.s.o.j.LocalContainerEntityManagerFactoryBean - Initialized JPA EntityManagerFactory for persistence unit 'default'
 2022.02.17 15:54:53.736 [restartedMain] [INFO] o.s.b.d.a.OptionalLiveReloadServer - LiveReload server is running on port 35729
 2022.02.17 15:54:53.746 [restartedMain] [INFO] o.a.c.h.Http11NioProtocol - Starting ProtocolHandler ["http-nio-8080"]
 2022.02.17 15:54:53.771 [restartedMain] [INFO] o.s.b.w.e.t.TomcatWebServer - Tomcat started on port(s): 8080 (http) with context path ''
 2022.02.17 15:54:53.780 [restartedMain] [INFO] c.s.p.MainController - Started MainController in 3.286 seconds (JVM running for 9.113)
 2022.02.17 16:01:47.835 [http-nio-8080-exec-1] [INFO] o.a.c.c.C.[.[.[/] - Initializing Spring DispatcherServlet 'dispatcherServlet'
 2022.02.17 16:01:47.836 [http-nio-8080-exec-1] [INFO] o.s.w.s.DispatcherServlet - Initializing Servlet 'dispatcherServlet'
 2022.02.17 16:01:47.842 [http-nio-8080-exec-1] [INFO] o.s.w.s.DispatcherServlet - Completed initialization in 5 ms
 2022.02.17 16:04:04.633 [restartedMain] [INFO] c.s.p.MainController - Starting MainController using Java 11.0.11 on pseongsoo.local with PID 19083 (/Users/seongsoo/Workspace/personal/project-lab/module2/build/classes/java/main started by seongsoo in /Users/seongsoo/Workspace/personal/project-lab/module2)
 2022.02.17 16:04:04.639 [restartedMain] [INFO] c.s.p.MainController - The following profiles are active: core
 2022.02.17 16:04:04.672 [restartedMain] [INFO] o.s.b.d.e.DevToolsPropertyDefaultsPostProcessor - Devtools property defaults active! Set 'spring.devtools.add-properties' to 'false' to disable
 2022.02.17 16:04:04.672 [restartedMain] [INFO] o.s.b.d.e.DevToolsPropertyDefaultsPostProcessor - For additional web related logging consider setting the 'logging.level.web' property to 'DEBUG'
 2022.02.17 16:04:05.196 [restartedMain] [INFO] o.s.d.r.c.RepositoryConfigurationDelegate - Bootstrapping Spring Data JPA repositories in DEFAULT mode.
 2022.02.17 16:04:05.242 [restartedMain] [INFO] o.s.d.r.c.RepositoryConfigurationDelegate - Finished Spring Data repository scanning in 38 ms. Found 3 JPA repository interfaces.
 2022.02.17 16:04:05.690 [restartedMain] [INFO] o.s.b.w.e.t.TomcatWebServer - Tomcat initialized with port(s): 8080 (http)
 2022.02.17 16:04:05.699 [restartedMain] [INFO] o.a.c.h.Http11NioProtocol - Initializing ProtocolHandler ["http-nio-8080"]
 2022.02.17 16:04:05.700 [restartedMain] [INFO] o.a.c.c.StandardService - Starting service [Tomcat]
 2022.02.17 16:04:05.700 [restartedMain] [INFO] o.a.c.c.StandardEngine - Starting Servlet engine: [Apache Tomcat/9.0.55]
 2022.02.17 16:04:05.865 [restartedMain] [INFO] o.a.c.c.C.[.[.[/] - Initializing Spring embedded WebApplicationContext
 2022.02.17 16:04:05.865 [restartedMain] [INFO] o.s.b.w.s.c.ServletWebServerApplicationContext - Root WebApplicationContext: initialization completed in 1192 ms
 2022.02.17 16:04:05.997 [restartedMain] [INFO] o.h.j.i.u.LogHelper - HHH000204: Processing PersistenceUnitInfo [name: default]
 2022.02.17 16:04:06.047 [restartedMain] [INFO] o.h.Version - HHH000412: Hibernate ORM core version 5.6.1.Final
 2022.02.17 16:04:06.200 [restartedMain] [INFO] o.h.a.c.Version - HCANN000001: Hibernate Commons Annotations {5.1.2.Final}
 2022.02.17 16:04:06.281 [restartedMain] [INFO] c.z.h.HikariDataSource - HikariPool-1 - Starting...
 2022.02.17 16:04:06.452 [restartedMain] [INFO] c.z.h.HikariDataSource - HikariPool-1 - Start completed.
 2022.02.17 16:04:06.473 [restartedMain] [INFO] o.h.d.Dialect - HHH000400: Using dialect: org.hibernate.dialect.PostgreSQL10Dialect
 2022.02.17 16:04:07.124 [restartedMain] [INFO] o.h.e.t.j.p.i.JtaPlatformInitiator - HHH000490: Using JtaPlatform implementation: [org.hibernate.engine.transaction.jta.platform.internal.NoJtaPlatform]
 2022.02.17 16:04:07.131 [restartedMain] [INFO] o.s.o.j.LocalContainerEntityManagerFactoryBean - Initialized JPA EntityManagerFactory for persistence unit 'default'
 2022.02.17 16:04:07.696 [restartedMain] [INFO] o.s.b.d.a.OptionalLiveReloadServer - LiveReload server is running on port 35729
 2022.02.17 16:04:07.708 [restartedMain] [INFO] o.a.c.h.Http11NioProtocol - Starting ProtocolHandler ["http-nio-8080"]
 2022.02.17 16:04:07.734 [restartedMain] [INFO] o.s.b.w.e.t.TomcatWebServer - Tomcat started on port(s): 8080 (http) with context path ''
 2022.02.17 16:04:07.743 [restartedMain] [INFO] c.s.p.MainController - Started MainController in 3.429 seconds (JVM running for 9.249)
 2022.02.17 16:12:24.989 [http-nio-8080-exec-1] [INFO] o.a.c.c.C.[.[.[/] - Initializing Spring DispatcherServlet 'dispatcherServlet'
 2022.02.17 16:12:24.990 [http-nio-8080-exec-1] [INFO] o.s.w.s.DispatcherServlet - Initializing Servlet 'dispatcherServlet'
 2022.02.17 16:12:24.993 [http-nio-8080-exec-1] [INFO] o.s.w.s.DispatcherServlet - Completed initialization in 2 ms
 2022.02.17 16:32:43.109 [restartedMain] [INFO] c.s.p.MainController - Starting MainController using Java 11.0.11 on pseongsoo.local with PID 19300 (/Users/seongsoo/Workspace/personal/project-lab/module2/build/classes/java/main started by seongsoo in /Users/seongsoo/Workspace/personal/project-lab/module2)
 2022.02.17 16:32:43.116 [restartedMain] [INFO] c.s.p.MainController - The following profiles are active: core
 2022.02.17 16:32:43.149 [restartedMain] [INFO] o.s.b.d.e.DevToolsPropertyDefaultsPostProcessor - Devtools property defaults active! Set 'spring.devtools.add-properties' to 'false' to disable
 2022.02.17 16:32:43.149 [restartedMain] [INFO] o.s.b.d.e.DevToolsPropertyDefaultsPostProcessor - For additional web related logging consider setting the 'logging.level.web' property to 'DEBUG'
 2022.02.17 16:32:43.672 [restartedMain] [INFO] o.s.d.r.c.RepositoryConfigurationDelegate - Bootstrapping Spring Data JPA repositories in DEFAULT mode.
 2022.02.17 16:32:43.718 [restartedMain] [INFO] o.s.d.r.c.RepositoryConfigurationDelegate - Finished Spring Data repository scanning in 37 ms. Found 3 JPA repository interfaces.
 2022.02.17 16:32:44.138 [restartedMain] [INFO] o.s.b.w.e.t.TomcatWebServer - Tomcat initialized with port(s): 8080 (http)
 2022.02.17 16:32:44.147 [restartedMain] [INFO] o.a.c.h.Http11NioProtocol - Initializing ProtocolHandler ["http-nio-8080"]
 2022.02.17 16:32:44.147 [restartedMain] [INFO] o.a.c.c.StandardService - Starting service [Tomcat]
 2022.02.17 16:32:44.148 [restartedMain] [INFO] o.a.c.c.StandardEngine - Starting Servlet engine: [Apache Tomcat/9.0.55]
 2022.02.17 16:32:44.259 [restartedMain] [INFO] o.a.c.c.C.[.[.[/] - Initializing Spring embedded WebApplicationContext
 2022.02.17 16:32:44.259 [restartedMain] [INFO] o.s.b.w.s.c.ServletWebServerApplicationContext - Root WebApplicationContext: initialization completed in 1109 ms
 2022.02.17 16:32:44.378 [restartedMain] [INFO] o.h.j.i.u.LogHelper - HHH000204: Processing PersistenceUnitInfo [name: default]
 2022.02.17 16:32:44.422 [restartedMain] [INFO] o.h.Version - HHH000412: Hibernate ORM core version 5.6.1.Final
 2022.02.17 16:32:44.566 [restartedMain] [INFO] o.h.a.c.Version - HCANN000001: Hibernate Commons Annotations {5.1.2.Final}
 2022.02.17 16:32:44.645 [restartedMain] [INFO] c.z.h.HikariDataSource - HikariPool-1 - Starting...
 2022.02.17 16:32:44.797 [restartedMain] [INFO] c.z.h.HikariDataSource - HikariPool-1 - Start completed.
 2022.02.17 16:32:44.815 [restartedMain] [INFO] o.h.d.Dialect - HHH000400: Using dialect: org.hibernate.dialect.PostgreSQL10Dialect
 2022.02.17 16:32:45.539 [restartedMain] [INFO] o.h.e.t.j.p.i.JtaPlatformInitiator - HHH000490: Using JtaPlatform implementation: [org.hibernate.engine.transaction.jta.platform.internal.NoJtaPlatform]
 2022.02.17 16:32:45.547 [restartedMain] [INFO] o.s.o.j.LocalContainerEntityManagerFactoryBean - Initialized JPA EntityManagerFactory for persistence unit 'default'
 2022.02.17 16:32:46.136 [restartedMain] [INFO] o.s.b.d.a.OptionalLiveReloadServer - LiveReload server is running on port 35729
 2022.02.17 16:32:46.149 [restartedMain] [INFO] o.a.c.h.Http11NioProtocol - Starting ProtocolHandler ["http-nio-8080"]
 2022.02.17 16:32:46.178 [restartedMain] [INFO] o.s.b.w.e.t.TomcatWebServer - Tomcat started on port(s): 8080 (http) with context path ''
 2022.02.17 16:32:46.188 [restartedMain] [INFO] c.s.p.MainController - Started MainController in 3.439 seconds (JVM running for 9.312)
 2022.02.17 16:44:28.977 [http-nio-8080-exec-1] [INFO] o.a.c.c.C.[.[.[/] - Initializing Spring DispatcherServlet 'dispatcherServlet'
 2022.02.17 16:44:28.979 [http-nio-8080-exec-1] [INFO] o.s.w.s.DispatcherServlet - Initializing Servlet 'dispatcherServlet'
 2022.02.17 16:44:28.989 [http-nio-8080-exec-1] [INFO] o.s.w.s.DispatcherServlet - Completed initialization in 10 ms
 2022.02.17 17:01:31.959 [restartedMain] [INFO] c.s.p.MainController - Starting MainController using Java 11.0.11 on pseongsoo.local with PID 19495 (/Users/seongsoo/Workspace/personal/project-lab/module2/build/classes/java/main started by seongsoo in /Users/seongsoo/Workspace/personal/project-lab/module2)
 2022.02.17 17:01:31.965 [restartedMain] [INFO] c.s.p.MainController - The following profiles are active: core
 2022.02.17 17:01:31.998 [restartedMain] [INFO] o.s.b.d.e.DevToolsPropertyDefaultsPostProcessor - Devtools property defaults active! Set 'spring.devtools.add-properties' to 'false' to disable
 2022.02.17 17:01:31.998 [restartedMain] [INFO] o.s.b.d.e.DevToolsPropertyDefaultsPostProcessor - For additional web related logging consider setting the 'logging.level.web' property to 'DEBUG'
 2022.02.17 17:01:32.514 [restartedMain] [INFO] o.s.d.r.c.RepositoryConfigurationDelegate - Bootstrapping Spring Data JPA repositories in DEFAULT mode.
 2022.02.17 17:01:32.557 [restartedMain] [INFO] o.s.d.r.c.RepositoryConfigurationDelegate - Finished Spring Data repository scanning in 37 ms. Found 3 JPA repository interfaces.
 2022.02.17 17:01:32.983 [restartedMain] [INFO] o.s.b.w.e.t.TomcatWebServer - Tomcat initialized with port(s): 8080 (http)
 2022.02.17 17:01:32.991 [restartedMain] [INFO] o.a.c.h.Http11NioProtocol - Initializing ProtocolHandler ["http-nio-8080"]
 2022.02.17 17:01:32.992 [restartedMain] [INFO] o.a.c.c.StandardService - Starting service [Tomcat]
 2022.02.17 17:01:32.992 [restartedMain] [INFO] o.a.c.c.StandardEngine - Starting Servlet engine: [Apache Tomcat/9.0.55]
 2022.02.17 17:01:33.089 [restartedMain] [INFO] o.a.c.c.C.[.[.[/] - Initializing Spring embedded WebApplicationContext
 2022.02.17 17:01:33.089 [restartedMain] [INFO] o.s.b.w.s.c.ServletWebServerApplicationContext - Root WebApplicationContext: initialization completed in 1091 ms
 2022.02.17 17:01:33.209 [restartedMain] [INFO] o.h.j.i.u.LogHelper - HHH000204: Processing PersistenceUnitInfo [name: default]
 2022.02.17 17:01:33.253 [restartedMain] [INFO] o.h.Version - HHH000412: Hibernate ORM core version 5.6.1.Final
 2022.02.17 17:01:33.390 [restartedMain] [INFO] o.h.a.c.Version - HCANN000001: Hibernate Commons Annotations {5.1.2.Final}
 2022.02.17 17:01:33.469 [restartedMain] [INFO] c.z.h.HikariDataSource - HikariPool-1 - Starting...
 2022.02.17 17:01:33.615 [restartedMain] [INFO] c.z.h.HikariDataSource - HikariPool-1 - Start completed.
 2022.02.17 17:01:33.634 [restartedMain] [INFO] o.h.d.Dialect - HHH000400: Using dialect: org.hibernate.dialect.PostgreSQL10Dialect
 2022.02.17 17:01:34.275 [restartedMain] [INFO] o.h.e.t.j.p.i.JtaPlatformInitiator - HHH000490: Using JtaPlatform implementation: [org.hibernate.engine.transaction.jta.platform.internal.NoJtaPlatform]
 2022.02.17 17:01:34.283 [restartedMain] [INFO] o.s.o.j.LocalContainerEntityManagerFactoryBean - Initialized JPA EntityManagerFactory for persistence unit 'default'
 2022.02.17 17:01:34.828 [restartedMain] [INFO] o.s.b.d.a.OptionalLiveReloadServer - LiveReload server is running on port 35729
 2022.02.17 17:01:34.839 [restartedMain] [INFO] o.a.c.h.Http11NioProtocol - Starting ProtocolHandler ["http-nio-8080"]
 2022.02.17 17:01:34.863 [restartedMain] [INFO] o.s.b.w.e.t.TomcatWebServer - Tomcat started on port(s): 8080 (http) with context path ''
 2022.02.17 17:01:34.872 [restartedMain] [INFO] c.s.p.MainController - Started MainController in 3.232 seconds (JVM running for 9.064)
 2022.02.17 17:17:54.774 [http-nio-8080-exec-1] [INFO] o.a.c.c.C.[.[.[/] - Initializing Spring DispatcherServlet 'dispatcherServlet'
 2022.02.17 17:17:54.777 [http-nio-8080-exec-1] [INFO] o.s.w.s.DispatcherServlet - Initializing Servlet 'dispatcherServlet'
 2022.02.17 17:17:54.794 [http-nio-8080-exec-1] [INFO] o.s.w.s.DispatcherServlet - Completed initialization in 17 ms
 2022.02.17 17:20:34.173 [restartedMain] [INFO] c.s.p.MainController - Starting MainController using Java 11.0.11 on pseongsoo.local with PID 19627 (/Users/seongsoo/Workspace/personal/project-lab/module2/build/classes/java/main started by seongsoo in /Users/seongsoo/Workspace/personal/project-lab/module2)
 2022.02.17 17:20:34.180 [restartedMain] [INFO] c.s.p.MainController - The following profiles are active: core
 2022.02.17 17:20:34.213 [restartedMain] [INFO] o.s.b.d.e.DevToolsPropertyDefaultsPostProcessor - Devtools property defaults active! Set 'spring.devtools.add-properties' to 'false' to disable
 2022.02.17 17:20:34.213 [restartedMain] [INFO] o.s.b.d.e.DevToolsPropertyDefaultsPostProcessor - For additional web related logging consider setting the 'logging.level.web' property to 'DEBUG'
 2022.02.17 17:20:34.779 [restartedMain] [INFO] o.s.d.r.c.RepositoryConfigurationDelegate - Bootstrapping Spring Data JPA repositories in DEFAULT mode.
 2022.02.17 17:20:34.832 [restartedMain] [INFO] o.s.d.r.c.RepositoryConfigurationDelegate - Finished Spring Data repository scanning in 45 ms. Found 3 JPA repository interfaces.
 2022.02.17 17:20:35.328 [restartedMain] [INFO] o.s.b.w.e.t.TomcatWebServer - Tomcat initialized with port(s): 8080 (http)
 2022.02.17 17:20:35.339 [restartedMain] [INFO] o.a.c.h.Http11NioProtocol - Initializing ProtocolHandler ["http-nio-8080"]
 2022.02.17 17:20:35.339 [restartedMain] [INFO] o.a.c.c.StandardService - Starting service [Tomcat]
 2022.02.17 17:20:35.340 [restartedMain] [INFO] o.a.c.c.StandardEngine - Starting Servlet engine: [Apache Tomcat/9.0.55]
 2022.02.17 17:20:35.460 [restartedMain] [INFO] o.a.c.c.C.[.[.[/] - Initializing Spring embedded WebApplicationContext
 2022.02.17 17:20:35.461 [restartedMain] [INFO] o.s.b.w.s.c.ServletWebServerApplicationContext - Root WebApplicationContext: initialization completed in 1247 ms
 2022.02.17 17:20:35.593 [restartedMain] [INFO] o.h.j.i.u.LogHelper - HHH000204: Processing PersistenceUnitInfo [name: default]
 2022.02.17 17:20:35.644 [restartedMain] [INFO] o.h.Version - HHH000412: Hibernate ORM core version 5.6.1.Final
 2022.02.17 17:20:35.799 [restartedMain] [INFO] o.h.a.c.Version - HCANN000001: Hibernate Commons Annotations {5.1.2.Final}
 2022.02.17 17:20:35.881 [restartedMain] [INFO] c.z.h.HikariDataSource - HikariPool-1 - Starting...
 2022.02.17 17:20:36.045 [restartedMain] [INFO] c.z.h.HikariDataSource - HikariPool-1 - Start completed.
 2022.02.17 17:20:36.064 [restartedMain] [INFO] o.h.d.Dialect - HHH000400: Using dialect: org.hibernate.dialect.PostgreSQL10Dialect
 2022.02.17 17:20:36.791 [restartedMain] [INFO] o.h.e.t.j.p.i.JtaPlatformInitiator - HHH000490: Using JtaPlatform implementation: [org.hibernate.engine.transaction.jta.platform.internal.NoJtaPlatform]
 2022.02.17 17:20:36.798 [restartedMain] [INFO] o.s.o.j.LocalContainerEntityManagerFactoryBean - Initialized JPA EntityManagerFactory for persistence unit 'default'
 2022.02.17 17:20:37.368 [restartedMain] [INFO] o.s.b.d.a.OptionalLiveReloadServer - LiveReload server is running on port 35729
 2022.02.17 17:20:37.380 [restartedMain] [INFO] o.a.c.h.Http11NioProtocol - Starting ProtocolHandler ["http-nio-8080"]
 2022.02.17 17:20:37.410 [restartedMain] [INFO] o.s.b.w.e.t.TomcatWebServer - Tomcat started on port(s): 8080 (http) with context path ''
 2022.02.17 17:20:37.421 [restartedMain] [INFO] c.s.p.MainController - Started MainController in 3.574 seconds (JVM running for 9.416)
 2022.02.17 17:20:40.984 [http-nio-8080-exec-1] [INFO] o.a.c.c.C.[.[.[/] - Initializing Spring DispatcherServlet 'dispatcherServlet'
 2022.02.17 17:20:40.985 [http-nio-8080-exec-1] [INFO] o.s.w.s.DispatcherServlet - Initializing Servlet 'dispatcherServlet'
 2022.02.17 17:20:40.986 [http-nio-8080-exec-1] [INFO] o.s.w.s.DispatcherServlet - Completed initialization in 1 ms
 2022.02.17 17:30:45.002 [restartedMain] [INFO] c.s.p.MainController - Starting MainController using Java 11.0.11 on pseongsoo.local with PID 19733 (/Users/seongsoo/Workspace/personal/project-lab/module2/build/classes/java/main started by seongsoo in /Users/seongsoo/Workspace/personal/project-lab/module2)
 2022.02.17 17:30:45.008 [restartedMain] [INFO] c.s.p.MainController - The following profiles are active: core
 2022.02.17 17:30:45.041 [restartedMain] [INFO] o.s.b.d.e.DevToolsPropertyDefaultsPostProcessor - Devtools property defaults active! Set 'spring.devtools.add-properties' to 'false' to disable
 2022.02.17 17:30:45.042 [restartedMain] [INFO] o.s.b.d.e.DevToolsPropertyDefaultsPostProcessor - For additional web related logging consider setting the 'logging.level.web' property to 'DEBUG'
 2022.02.17 17:30:45.568 [restartedMain] [INFO] o.s.d.r.c.RepositoryConfigurationDelegate - Bootstrapping Spring Data JPA repositories in DEFAULT mode.
 2022.02.17 17:30:45.611 [restartedMain] [INFO] o.s.d.r.c.RepositoryConfigurationDelegate - Finished Spring Data repository scanning in 36 ms. Found 3 JPA repository interfaces.
 2022.02.17 17:30:46.109 [restartedMain] [INFO] o.s.b.w.e.t.TomcatWebServer - Tomcat initialized with port(s): 8080 (http)
 2022.02.17 17:30:46.117 [restartedMain] [INFO] o.a.c.h.Http11NioProtocol - Initializing ProtocolHandler ["http-nio-8080"]
 2022.02.17 17:30:46.118 [restartedMain] [INFO] o.a.c.c.StandardService - Starting service [Tomcat]
 2022.02.17 17:30:46.119 [restartedMain] [INFO] o.a.c.c.StandardEngine - Starting Servlet engine: [Apache Tomcat/9.0.55]
 2022.02.17 17:30:46.228 [restartedMain] [INFO] o.a.c.c.C.[.[.[/] - Initializing Spring embedded WebApplicationContext
 2022.02.17 17:30:46.228 [restartedMain] [INFO] o.s.b.w.s.c.ServletWebServerApplicationContext - Root WebApplicationContext: initialization completed in 1186 ms
 2022.02.17 17:30:46.343 [restartedMain] [INFO] o.h.j.i.u.LogHelper - HHH000204: Processing PersistenceUnitInfo [name: default]
 2022.02.17 17:30:46.384 [restartedMain] [INFO] o.h.Version - HHH000412: Hibernate ORM core version 5.6.1.Final
 2022.02.17 17:30:46.517 [restartedMain] [INFO] o.h.a.c.Version - HCANN000001: Hibernate Commons Annotations {5.1.2.Final}
 2022.02.17 17:30:46.593 [restartedMain] [INFO] c.z.h.HikariDataSource - HikariPool-1 - Starting...
 2022.02.17 17:30:46.739 [restartedMain] [INFO] c.z.h.HikariDataSource - HikariPool-1 - Start completed.
 2022.02.17 17:30:46.757 [restartedMain] [INFO] o.h.d.Dialect - HHH000400: Using dialect: org.hibernate.dialect.PostgreSQL10Dialect
 2022.02.17 17:30:47.367 [restartedMain] [INFO] o.h.e.t.j.p.i.JtaPlatformInitiator - HHH000490: Using JtaPlatform implementation: [org.hibernate.engine.transaction.jta.platform.internal.NoJtaPlatform]
 2022.02.17 17:30:47.374 [restartedMain] [INFO] o.s.o.j.LocalContainerEntityManagerFactoryBean - Initialized JPA EntityManagerFactory for persistence unit 'default'
 2022.02.17 17:30:47.889 [restartedMain] [INFO] o.s.b.d.a.OptionalLiveReloadServer - LiveReload server is running on port 35729
 2022.02.17 17:30:47.899 [restartedMain] [INFO] o.a.c.h.Http11NioProtocol - Starting ProtocolHandler ["http-nio-8080"]
 2022.02.17 17:30:47.922 [restartedMain] [INFO] o.s.b.w.e.t.TomcatWebServer - Tomcat started on port(s): 8080 (http) with context path ''
 2022.02.17 17:30:47.931 [restartedMain] [INFO] c.s.p.MainController - Started MainController in 3.25 seconds (JVM running for 9.08)
 2022.02.17 17:31:47.929 [http-nio-8080-exec-1] [INFO] o.a.c.c.C.[.[.[/] - Initializing Spring DispatcherServlet 'dispatcherServlet'
 2022.02.17 17:31:47.929 [http-nio-8080-exec-1] [INFO] o.s.w.s.DispatcherServlet - Initializing Servlet 'dispatcherServlet'
 2022.02.17 17:31:47.931 [http-nio-8080-exec-1] [INFO] o.s.w.s.DispatcherServlet - Completed initialization in 1 ms
 2022.02.17 17:32:53.706 [restartedMain] [INFO] c.s.p.MainController - Starting MainController using Java 11.0.11 on pseongsoo.local with PID 19754 (/Users/seongsoo/Workspace/personal/project-lab/module2/build/classes/java/main started by seongsoo in /Users/seongsoo/Workspace/personal/project-lab/module2)
 2022.02.17 17:32:53.711 [restartedMain] [INFO] c.s.p.MainController - The following profiles are active: core
 2022.02.17 17:32:53.744 [restartedMain] [INFO] o.s.b.d.e.DevToolsPropertyDefaultsPostProcessor - Devtools property defaults active! Set 'spring.devtools.add-properties' to 'false' to disable
 2022.02.17 17:32:53.744 [restartedMain] [INFO] o.s.b.d.e.DevToolsPropertyDefaultsPostProcessor - For additional web related logging consider setting the 'logging.level.web' property to 'DEBUG'
 2022.02.17 17:32:54.260 [restartedMain] [INFO] o.s.d.r.c.RepositoryConfigurationDelegate - Bootstrapping Spring Data JPA repositories in DEFAULT mode.
 2022.02.17 17:32:54.303 [restartedMain] [INFO] o.s.d.r.c.RepositoryConfigurationDelegate - Finished Spring Data repository scanning in 36 ms. Found 3 JPA repository interfaces.
 2022.02.17 17:32:54.718 [restartedMain] [INFO] o.s.b.w.e.t.TomcatWebServer - Tomcat initialized with port(s): 8080 (http)
 2022.02.17 17:32:54.728 [restartedMain] [INFO] o.a.c.h.Http11NioProtocol - Initializing ProtocolHandler ["http-nio-8080"]
 2022.02.17 17:32:54.728 [restartedMain] [INFO] o.a.c.c.StandardService - Starting service [Tomcat]
 2022.02.17 17:32:54.729 [restartedMain] [INFO] o.a.c.c.StandardEngine - Starting Servlet engine: [Apache Tomcat/9.0.55]
 2022.02.17 17:32:54.823 [restartedMain] [INFO] o.a.c.c.C.[.[.[/] - Initializing Spring embedded WebApplicationContext
 2022.02.17 17:32:54.824 [restartedMain] [INFO] o.s.b.w.s.c.ServletWebServerApplicationContext - Root WebApplicationContext: initialization completed in 1079 ms
 2022.02.17 17:32:54.939 [restartedMain] [INFO] o.h.j.i.u.LogHelper - HHH000204: Processing PersistenceUnitInfo [name: default]
 2022.02.17 17:32:54.980 [restartedMain] [INFO] o.h.Version - HHH000412: Hibernate ORM core version 5.6.1.Final
 2022.02.17 17:32:55.112 [restartedMain] [INFO] o.h.a.c.Version - HCANN000001: Hibernate Commons Annotations {5.1.2.Final}
 2022.02.17 17:32:55.188 [restartedMain] [INFO] c.z.h.HikariDataSource - HikariPool-1 - Starting...
 2022.02.17 17:32:55.330 [restartedMain] [INFO] c.z.h.HikariDataSource - HikariPool-1 - Start completed.
 2022.02.17 17:32:55.348 [restartedMain] [INFO] o.h.d.Dialect - HHH000400: Using dialect: org.hibernate.dialect.PostgreSQL10Dialect
 2022.02.17 17:32:55.954 [restartedMain] [INFO] o.h.e.t.j.p.i.JtaPlatformInitiator - HHH000490: Using JtaPlatform implementation: [org.hibernate.engine.transaction.jta.platform.internal.NoJtaPlatform]
 2022.02.17 17:32:55.961 [restartedMain] [INFO] o.s.o.j.LocalContainerEntityManagerFactoryBean - Initialized JPA EntityManagerFactory for persistence unit 'default'
 2022.02.17 17:32:56.445 [restartedMain] [INFO] o.s.b.d.a.OptionalLiveReloadServer - LiveReload server is running on port 35729
 2022.02.17 17:32:56.455 [restartedMain] [INFO] o.a.c.h.Http11NioProtocol - Starting ProtocolHandler ["http-nio-8080"]
 2022.02.17 17:32:56.478 [restartedMain] [INFO] o.s.b.w.e.t.TomcatWebServer - Tomcat started on port(s): 8080 (http) with context path ''
 2022.02.17 17:32:56.487 [restartedMain] [INFO] c.s.p.MainController - Started MainController in 3.092 seconds (JVM running for 8.893)
 